<?xml version="1.0" encoding="UTF-8"?>
<!-- Generated by org.testng.reporters.JUnitReportReporter -->
<testsuite hostname="LAPTOP-GGJ4726G" failures="0" tests="1" name="Tests.config" time="17.715" errors="0" timestamp="15 Sep 2019 21:39:03 GMT" skipped="0">
  <testcase classname="Tests.config" name="f" time="17.715"/>
</testsuite> <!-- Tests.config -->
